##### Starting Pitch variance Evaluation Stage #####
Number of available GPUs: 1
GPU 0: NVIDIA GeForce RTX 4090
Using cuda:0 device
The 'random' package is not imported, skipping random seed.
The 'scipy' package is not imported, skipping scipy seed.
Creating the train dataset with db_path: data/processed/train
Creating the test dataset with db_path: data/processed/test
Creating the train dataloader with batch_size: 256
Creating the test dataloader with batch_size: 256
Length of train dataloader: 10
Length of test dataloader: 2
Loading the condition model from path: out/vae/checkpoints/vae_final_macro-cyma_epoch_15000.torch
######## Evaluation ########
Evaluating the condition model

Processing Train data...

Train - Pitch variance per instrument:
Instrument 141 pitch variance: [2.02185302e-07 8.38624472e-08]
Instrument 850 pitch variance: [3.07605368e-07 1.02695100e-07]
Instrument 208 pitch variance: [5.38206994e-07 3.97092269e-07]
Instrument 397 pitch variance: [1.70829702e-07 1.01079492e-07]
Instrument 703 pitch variance: [0.00050984 0.00127259]
Instrument 895 pitch variance: [2.11333896e-07 1.23276770e-07]
Instrument 443 pitch variance: [3.30705171e-07 2.59545427e-07]
Instrument 206 pitch variance: [2.36800730e-07 1.32610292e-07]
Instrument 301 pitch variance: [8.55306401e-07 9.79685118e-08]
Instrument 673 pitch variance: [7.95805084e-07 2.21995294e-07]
Instrument 381 pitch variance: [2.29671427e-07 2.76191886e-07]
Instrument 23 pitch variance: [4.86545506e-07 4.49294709e-07]
Instrument 686 pitch variance: [3.30506819e-07 1.39500428e-07]
Instrument 890 pitch variance: [3.53156370e-07 4.23024988e-07]
Instrument 540 pitch variance: [4.72092539e-07 4.98816637e-07]
Instrument 478 pitch variance: [1.39006975e-07 7.18377216e-07]
Instrument 359 pitch variance: [2.51006230e-07 1.97658465e-07]
Instrument 323 pitch variance: [2.94959624e-07 2.89301389e-07]
Instrument 33 pitch variance: [3.49958812e-07 2.61040579e-07]
Instrument 821 pitch variance: [3.86767773e-07 1.93799202e-07]
Instrument 228 pitch variance: [3.60603999e-07 4.64405124e-07]
Instrument 212 pitch variance: [2.59745214e-07 2.95814337e-07]
Instrument 674 pitch variance: [1.13381956e-07 2.83234439e-07]
Instrument 145 pitch variance: [4.19572530e-07 4.41970223e-07]
Instrument 303 pitch variance: [3.30560455e-07 3.61050630e-07]
Instrument 425 pitch variance: [1.34505894e-07 3.84079664e-07]
Instrument 401 pitch variance: [1.58321343e-07 1.89749806e-07]
Instrument 17 pitch variance: [3.18862039e-07 2.61316833e-07]
Instrument 485 pitch variance: [7.22380560e-07 1.05692041e-03]
Instrument 405 pitch variance: [5.12704426e-07 2.66180074e-07]
Instrument 39 pitch variance: [4.77599931e-07 2.43198747e-07]
Instrument 126 pitch variance: [2.87856931e-07 3.56749156e-07]
Instrument 216 pitch variance: [1.79893030e-07 2.28646237e-07]
Instrument 939 pitch variance: [2.07162555e-07 1.92124246e-07]
Instrument 720 pitch variance: [1.97946833e-07 1.43415434e-07]
Instrument 965 pitch variance: [0.00058751 0.0018528 ]
Instrument 365 pitch variance: [2.34462478e-07 2.62270112e-07]
Instrument 907 pitch variance: [1.66699138e-07 1.36691420e-07]
Instrument 117 pitch variance: [2.80885998e-07 3.42000130e-07]
Instrument 193 pitch variance: [2.1971261e-07 3.4088550e-07]
Instrument 244 pitch variance: [2.28350134e-07 3.23161564e-07]
Instrument 685 pitch variance: [2.05159253e-07 3.33255088e-07]
Instrument 345 pitch variance: [6.58616178e-07 6.82555844e-07]
Instrument 592 pitch variance: [1.01121687e-06 4.40471613e-07]
Instrument 167 pitch variance: [0.00015806 0.00628864]
Instrument 819 pitch variance: [3.34780758e-07 1.93018796e-07]
Instrument 742 pitch variance: [2.52729917e-07 1.75785555e-07]
Instrument 582 pitch variance: [2.03234906e-07 2.04596049e-07]
Instrument 235 pitch variance: [2.04409610e-07 5.48442653e-07]
Instrument 331 pitch variance: [3.51138566e-07 3.89520354e-07]
Instrument 396 pitch variance: [5.44491859e-07 3.77312645e-07]
Instrument 864 pitch variance: [2.38540812e-07 2.81124655e-07]
Instrument 784 pitch variance: [1.16533187e-07 1.31931606e-07]
Instrument 698 pitch variance: [1.24216781e-07 1.20438151e-07]
Instrument 817 pitch variance: [1.58992747e-07 1.31862697e-07]
Instrument 242 pitch variance: [4.52158825e-06 2.66073452e-07]
Instrument 348 pitch variance: [3.19316050e-05 3.58383335e-03]
Instrument 236 pitch variance: [2.71877713e-07 1.25933478e-07]
Instrument 498 pitch variance: [1.77982416e-07 1.81625875e-07]
Instrument 26 pitch variance: [2.41538337e-07 1.91208714e-07]
Instrument 566 pitch variance: [2.72000773e-07 1.94969147e-07]
Instrument 641 pitch variance: [2.99043621e-07 2.42852250e-07]
Instrument 437 pitch variance: [4.51662197e-07 3.80555784e-07]
Instrument 179 pitch variance: [5.64249160e-07 2.04385861e-07]
Instrument 603 pitch variance: [0.00029549 0.00052855]
Instrument 843 pitch variance: [1.94223786e-07 1.04820957e-07]
Instrument 222 pitch variance: [1.28247460e-07 2.73434452e-07]
Instrument 854 pitch variance: [1.29168934e-07 1.62069854e-07]
Instrument 787 pitch variance: [2.01970427e-07 2.60683639e-07]
Instrument 930 pitch variance: [3.09686599e-07 1.43964433e-07]
Instrument 499 pitch variance: [2.35109375e-07 5.17471845e-07]
Instrument 346 pitch variance: [3.54856564e-07 5.97093952e-07]
Instrument 296 pitch variance: [0.00013063 0.00048462]
Instrument 827 pitch variance: [4.24363444e-07 3.35908287e-07]
Instrument 735 pitch variance: [6.45452120e-07 1.06215916e-06]
Instrument 830 pitch variance: [2.34960832e-07 1.36847576e-07]
Instrument 459 pitch variance: [9.00475882e-07 5.69971954e-07]
Instrument 231 pitch variance: [1.70255658e-07 4.55927294e-07]
Instrument 289 pitch variance: [5.22735964e-07 4.54856540e-07]
Instrument 42 pitch variance: [1.93085200e-07 3.40625558e-07]
Instrument 617 pitch variance: [4.73629871e-07 6.71772565e-07]
Instrument 403 pitch variance: [0.0002552  0.00041365]
Instrument 106 pitch variance: [2.35951984e-07 6.13899161e-07]
Instrument 361 pitch variance: [4.30198334e-07 1.29952516e-07]
Instrument 24 pitch variance: [9.22654050e-07 2.42162745e-07]
Instrument 66 pitch variance: [3.59736850e-07 8.88361879e-08]
Instrument 3 pitch variance: [2.47686852e-07 1.14581440e-07]
Instrument 271 pitch variance: [2.97373416e-07 4.23828692e-07]
Instrument 409 pitch variance: [5.58383141e-07 8.93827826e-07]
Instrument 371 pitch variance: [3.36562007e-07 1.87141524e-07]
Instrument 828 pitch variance: [3.99426399e-07 5.80475414e-08]
Instrument 367 pitch variance: [3.16244950e-07 6.67670163e-08]
Instrument 764 pitch variance: [2.14047968e-07 1.65560268e-07]
Instrument 772 pitch variance: [1.48931833e-07 1.54624626e-07]
Instrument 299 pitch variance: [6.59908260e-07 1.53458703e-07]
Instrument 386 pitch variance: [3.25512143e-07 1.44837559e-07]
Instrument 363 pitch variance: [4.82550438e-07 1.24123851e-07]
Instrument 432 pitch variance: [3.92603013e-07 1.44629713e-07]
Instrument 326 pitch variance: [2.94217328e-07 2.41035758e-07]
Instrument 36 pitch variance: [3.54125381e-07 2.30390633e-07]
Instrument 418 pitch variance: [2.67435688e-07 1.11349000e-07]
Instrument 203 pitch variance: [4.38945207e-07 3.19037846e-07]
Instrument 632 pitch variance: [2.12662892e-07 1.24946792e-07]
Instrument 634 pitch variance: [5.56936311e-07 3.46692001e-07]

Train - Instrument variance per pitch:
Pitch 66 instrument variance: [0.18594324 0.12308681]
Pitch 59 instrument variance: [0.19398946 0.12332236]
Pitch 61 instrument variance: [0.18372236 0.13074689]
Pitch 55 instrument variance: [0.19103852 0.12167206]
Pitch 53 instrument variance: [0.19015695 0.12916085]
Pitch 58 instrument variance: [0.17923796 0.12393529]
Pitch 70 instrument variance: [0.18108518 0.12440189]
Pitch 72 instrument variance: [0.19215682 0.11854404]
Pitch 67 instrument variance: [0.19743467 0.125751  ]
Pitch 50 instrument variance: [0.19693824 0.12397129]
Pitch 69 instrument variance: [0.19449109 0.12297407]
Pitch 60 instrument variance: [0.19541209 0.12760442]
Pitch 62 instrument variance: [0.19644995 0.12855124]
Pitch 56 instrument variance: [0.17918903 0.12390848]
Pitch 52 instrument variance: [0.1907515  0.12978139]
Pitch 54 instrument variance: [0.17879386 0.12756682]
Pitch 65 instrument variance: [0.19799816 0.12092182]
Pitch 71 instrument variance: [0.19187232 0.12489247]
Pitch 49 instrument variance: [0.18219375 0.12336318]
Pitch 68 instrument variance: [0.18209493 0.12536071]
Pitch 63 instrument variance: [0.18445704 0.13094308]
Pitch 48 instrument variance: [0.19500431 0.1196407 ]
Pitch 51 instrument variance: [0.18345238 0.1300994 ]
Pitch 64 instrument variance: [0.19725623 0.12559669]
Pitch 57 instrument variance: [0.19107143 0.12159536]

Train - Mean variance per instrument: [1.92903448e-05 1.49125463e-04]
Train - Mean variance per pitch: [0.18928766 0.12509569]

Processing Test data...

Test - Pitch variance per instrument:
Instrument 805 pitch variance: [0.03668021 0.01370637]
Instrument 450 pitch variance: [0.06446457 0.00870448]
Instrument 46 pitch variance: [6.66188724e-05 9.92054844e-06]
Instrument 37 pitch variance: [0.00395974 0.01898786]
Instrument 219 pitch variance: [0.03876264 0.00714818]
Instrument 644 pitch variance: [0.03727722 0.00421211]
Instrument 378 pitch variance: [0.0288913  0.00681645]
Instrument 121 pitch variance: [0.00323889 0.00592543]
Instrument 183 pitch variance: [0.00365042 0.00079956]
Instrument 838 pitch variance: [0.00478988 0.00037193]
Instrument 440 pitch variance: [0.01911608 0.06282945]
Instrument 50 pitch variance: [0.04354354 0.02103846]
Instrument 905 pitch variance: [0.00131539 0.00109735]
Instrument 150 pitch variance: [0.00717749 0.00147675]
Instrument 316 pitch variance: [0.03284943 0.00931673]
Instrument 572 pitch variance: [0.02036183 0.00144348]
Instrument 701 pitch variance: [0.04524163 0.00135779]
Instrument 43 pitch variance: [0.00456326 0.00279539]
Instrument 123 pitch variance: [0.00621806 0.00156906]
Instrument 420 pitch variance: [0.01731941 0.02698984]
Instrument 417 pitch variance: [0.0406974  0.06239345]
Instrument 65 pitch variance: [0.00537779 0.00226656]
Instrument 914 pitch variance: [0.04162304 0.01365124]
Instrument 457 pitch variance: [0.0114188  0.00916508]
Instrument 759 pitch variance: [0.00853891 0.00439714]
Instrument 488 pitch variance: [5.41390629e-05 1.15693101e-05]
Instrument 414 pitch variance: [0.00421544 0.00180013]
Instrument 8 pitch variance: [0.0142723  0.00205349]
Instrument 100 pitch variance: [0.09075766 0.01036001]
Instrument 224 pitch variance: [0.00340293 0.00065972]
Instrument 40 pitch variance: [0.01751797 0.00302758]
Instrument 104 pitch variance: [0.02151291 0.01793397]
Instrument 263 pitch variance: [0.01187424 0.00458469]
Instrument 656 pitch variance: [0.03524032 0.02901948]
Instrument 803 pitch variance: [9.28779361e-08 3.51383336e-07]
Instrument 880 pitch variance: [0.00287941 0.03300404]
Instrument 577 pitch variance: [0.00057165 0.00421343]
Instrument 921 pitch variance: [0.0046585  0.00300989]
Instrument 436 pitch variance: [0.01547516 0.00624809]
Instrument 927 pitch variance: [0.00158406 0.00244239]
Instrument 128 pitch variance: [0.00075787 0.0109504 ]
Instrument 82 pitch variance: [0.05798294 0.00777013]
Instrument 590 pitch variance: [0.01272758 0.00593042]
Instrument 97 pitch variance: [0. 0.]
Instrument 327 pitch variance: [0.08825899 0.02914897]
Instrument 510 pitch variance: [1.20569595e-03 4.59270430e-05]
Instrument 958 pitch variance: [0.05151392 0.00869756]
Instrument 642 pitch variance: [0. 0.]
Instrument 387 pitch variance: [0.03310622 0.00011437]
Instrument 872 pitch variance: [0.04400725 0.02931134]

Test - Instrument variance per pitch:
Pitch 66 instrument variance: [0.07465148 0.08948121]
Pitch 71 instrument variance: [0.16262926 0.081601  ]
Pitch 59 instrument variance: [0.20564899 0.15031735]
Pitch 65 instrument variance: [0.2283709 0.0928209]
Pitch 49 instrument variance: [0.12910605 0.12054673]
Pitch 54 instrument variance: [0.11723882 0.11863713]
Pitch 55 instrument variance: [0.15628884 0.0907996 ]
Pitch 51 instrument variance: [0.19344394 0.10422671]
Pitch 58 instrument variance: [0.1714826 0.096843 ]
Pitch 69 instrument variance: [0.03762646 0.08975591]
Pitch 67 instrument variance: [0.16569154 0.10927368]
Pitch 72 instrument variance: [0.19636234 0.05577352]
Pitch 68 instrument variance: [0.1250916  0.12024851]
Pitch 50 instrument variance: [0.11954303 0.10484513]
Pitch 53 instrument variance: [0.11044513 0.02943123]
Pitch 70 instrument variance: [0.12022008 0.03800101]
Pitch 64 instrument variance: [0.16125095 0.07632169]
Pitch 61 instrument variance: [0.12852041 0.09889126]
Pitch 60 instrument variance: [0.16562611 0.06547016]
Pitch 62 instrument variance: [0.10090817 0.14476865]
Pitch 57 instrument variance: [0.06655793 0.08056667]
Pitch 56 instrument variance: [0.14641804 0.06372224]
Pitch 63 instrument variance: [0.09045295 0.08630347]
Pitch 52 instrument variance: [0.14692515 0.05649232]
Pitch 48 instrument variance: [0.16052932 0.12288702]

Test - Mean variance per instrument: [0.02081442 0.00997616]
Test - Mean variance per pitch: [0.1392412  0.09152104]
######## Evaluation Complete ########
