##### Starting Pitch variance Evaluation Stage #####
Number of available GPUs: 1
GPU 0: NVIDIA GeForce RTX 4090
Using cuda:0 device
The 'random' package is not imported, skipping random seed.
The 'scipy' package is not imported, skipping scipy seed.
Creating the train dataset with db_path: data/processed/train
Creating the test dataset with db_path: data/processed/test
Creating the train dataloader with batch_size: 256
Creating the test dataloader with batch_size: 256
Length of train dataloader: 10
Length of test dataloader: 2
Loading the condition model from path: out/vae/checkpoints/vae_final_livid-sail_epoch_15000.torch
######## Evaluation ########
Evaluating the condition model

Processing Train data...

Train - Pitch variance per instrument:
Instrument 141 pitch variance: [1.70032446e-07 2.00878890e-07]
Instrument 850 pitch variance: [3.66188338e-07 2.87145009e-07]
Instrument 208 pitch variance: [1.35805737e-04 1.25803370e-05]
Instrument 397 pitch variance: [4.13403916e-07 1.77118195e-07]
Instrument 703 pitch variance: [3.11165726e-07 9.96553090e-08]
Instrument 895 pitch variance: [2.00821549e-07 1.08072223e-07]
Instrument 443 pitch variance: [1.09393446e-07 1.71749265e-07]
Instrument 206 pitch variance: [3.53426342e-07 1.19333409e-07]
Instrument 301 pitch variance: [1.26486124e-06 6.91048422e-07]
Instrument 673 pitch variance: [2.14964733e-07 3.44265150e-07]
Instrument 381 pitch variance: [2.19359420e-07 5.36473612e-07]
Instrument 23 pitch variance: [1.80634749e-07 2.62990628e-07]
Instrument 686 pitch variance: [9.18357290e-08 2.13193547e-07]
Instrument 890 pitch variance: [1.35801268e-07 1.79938902e-07]
Instrument 540 pitch variance: [4.28743015e-07 7.06296638e-07]
Instrument 478 pitch variance: [3.24236574e-07 2.85967851e-07]
Instrument 359 pitch variance: [1.29201610e-07 4.60533781e-07]
Instrument 323 pitch variance: [5.59544428e-07 1.78540582e-07]
Instrument 33 pitch variance: [3.23373439e-07 4.01761284e-07]
Instrument 821 pitch variance: [1.33262886e-07 2.85868587e-07]
Instrument 228 pitch variance: [9.87777556e-08 1.81835646e-07]
Instrument 212 pitch variance: [1.43709635e-07 2.17335516e-07]
Instrument 674 pitch variance: [2.92533526e-07 7.14134664e-08]
Instrument 145 pitch variance: [2.25079199e-07 1.63563858e-07]
Instrument 303 pitch variance: [1.93625867e-07 1.95937034e-07]
Instrument 425 pitch variance: [2.18212797e-07 1.31095304e-07]
Instrument 401 pitch variance: [2.63190259e-07 1.91041482e-07]
Instrument 17 pitch variance: [8.30195982e-08 1.15129311e-07]
Instrument 485 pitch variance: [5.22409749e-07 3.35089698e-07]
Instrument 405 pitch variance: [1.51654397e-07 9.39037346e-08]
Instrument 39 pitch variance: [1.59454297e-07 9.48498220e-08]
Instrument 126 pitch variance: [1.85800728e-07 2.09615792e-07]
Instrument 216 pitch variance: [1.47744831e-07 1.81891506e-07]
Instrument 939 pitch variance: [8.57466586e-08 1.21790922e-07]
Instrument 720 pitch variance: [1.68379413e-07 2.15376736e-07]
Instrument 965 pitch variance: [3.00773327e-07 2.79206321e-07]
Instrument 365 pitch variance: [3.80928021e-07 1.60658800e-07]
Instrument 907 pitch variance: [4.00623998e-07 1.36561779e-07]
Instrument 117 pitch variance: [7.35600823e-07 3.35387504e-07]
Instrument 193 pitch variance: [2.82367266e-07 8.64452710e-07]
Instrument 244 pitch variance: [2.05666899e-07 3.07442383e-07]
Instrument 685 pitch variance: [2.01164001e-07 3.60583827e-07]
Instrument 345 pitch variance: [2.04337000e-07 3.35821082e-07]
Instrument 592 pitch variance: [2.36597117e-07 4.16722478e-07]
Instrument 167 pitch variance: [5.78499927e-07 1.41457856e-06]
Instrument 819 pitch variance: [1.60932724e-07 2.96143692e-07]
Instrument 742 pitch variance: [3.61365829e-04 2.79358936e-06]
Instrument 582 pitch variance: [2.01140533e-07 3.94900966e-07]
Instrument 235 pitch variance: [1.09162645e-07 8.45689304e-08]
Instrument 331 pitch variance: [1.15948192e-07 2.32832056e-07]
Instrument 396 pitch variance: [1.64134123e-07 1.46018715e-07]
Instrument 864 pitch variance: [3.50956796e-07 7.63752650e-07]
Instrument 784 pitch variance: [1.33391171e-07 2.43033719e-07]
Instrument 698 pitch variance: [1.82241856e-07 2.38574133e-07]
Instrument 817 pitch variance: [1.49781014e-07 1.32458951e-07]
Instrument 242 pitch variance: [8.90094550e-07 9.18690861e-07]
Instrument 348 pitch variance: [4.68465598e-07 5.53031543e-07]
Instrument 236 pitch variance: [3.19714975e-07 8.20520517e-07]
Instrument 498 pitch variance: [4.51126091e-07 8.66397757e-08]
Instrument 26 pitch variance: [1.85493815e-07 2.57532317e-07]
Instrument 566 pitch variance: [2.34192716e-07 3.69112117e-07]
Instrument 641 pitch variance: [1.94085781e-07 4.14987206e-07]
Instrument 437 pitch variance: [3.56589039e-07 2.37676330e-07]
Instrument 179 pitch variance: [3.54632804e-07 3.79064915e-07]
Instrument 603 pitch variance: [2.19443150e-07 2.34566535e-07]
Instrument 843 pitch variance: [5.48756500e-08 1.09547776e-07]
Instrument 222 pitch variance: [1.39314574e-07 1.67580450e-07]
Instrument 854 pitch variance: [1.72950000e-07 2.07224882e-07]
Instrument 787 pitch variance: [3.89540613e-07 1.90663110e-07]
Instrument 930 pitch variance: [2.02291527e-07 1.91642351e-07]
Instrument 499 pitch variance: [1.14559005e-03 2.79532937e-06]
Instrument 346 pitch variance: [4.89371447e-07 1.93010147e-07]
Instrument 296 pitch variance: [7.38974003e-07 1.16745144e-06]
Instrument 827 pitch variance: [4.82688442e-07 6.53499238e-07]
Instrument 735 pitch variance: [8.98619704e-07 9.14018778e-07]
Instrument 830 pitch variance: [4.00887522e-07 3.79200880e-07]
Instrument 459 pitch variance: [4.84567445e-08 6.72737518e-07]
Instrument 231 pitch variance: [2.40052740e-07 1.33424419e-07]
Instrument 289 pitch variance: [1.52573512e-07 2.64691100e-07]
Instrument 42 pitch variance: [1.66162019e-07 3.76171435e-07]
Instrument 617 pitch variance: [2.14030568e-07 1.74107616e-07]
Instrument 403 pitch variance: [1.47597445e-07 4.36654322e-07]
Instrument 106 pitch variance: [3.36156713e-07 1.76879144e-07]
Instrument 361 pitch variance: [4.34657358e-07 3.03334681e-07]
Instrument 24 pitch variance: [1.61699202e-07 4.19459738e-07]
Instrument 66 pitch variance: [4.97883724e-07 9.57353830e-08]
Instrument 3 pitch variance: [3.06513960e-07 5.37130334e-07]
Instrument 271 pitch variance: [5.77358958e-07 3.54491302e-07]
Instrument 409 pitch variance: [1.21830426e-06 1.30784737e-06]
Instrument 371 pitch variance: [4.36251280e-07 1.19599953e-06]
Instrument 828 pitch variance: [3.10690058e-07 8.48621438e-07]
Instrument 367 pitch variance: [3.0636899e-07 7.9736792e-08]
Instrument 764 pitch variance: [1.06874821e-07 1.12909675e-07]
Instrument 772 pitch variance: [1.00537809e-07 1.16261700e-07]
Instrument 299 pitch variance: [1.67075965e-07 4.99970501e-07]
Instrument 386 pitch variance: [2.29428607e-07 3.25754516e-07]
Instrument 363 pitch variance: [4.00869287e-07 5.06967050e-07]
Instrument 432 pitch variance: [1.43418128e-07 2.73524618e-07]
Instrument 326 pitch variance: [2.29862661e-07 5.68337496e-07]
Instrument 36 pitch variance: [3.16811640e-07 2.97236626e-07]
Instrument 418 pitch variance: [1.92064913e-07 1.94938614e-07]
Instrument 203 pitch variance: [1.57351521e-06 5.89187202e-07]
Instrument 632 pitch variance: [2.8748417e-07 3.6953430e-07]
Instrument 634 pitch variance: [4.67790366e-04 3.25693443e-05]

Train - Instrument variance per pitch:
Pitch 66 instrument variance: [0.23110486 0.28442583]
Pitch 59 instrument variance: [0.23391436 0.28883461]
Pitch 61 instrument variance: [0.23080154 0.28217162]
Pitch 55 instrument variance: [0.23198432 0.29443041]
Pitch 53 instrument variance: [0.2257481  0.29062519]
Pitch 58 instrument variance: [0.22979002 0.28951859]
Pitch 70 instrument variance: [0.23118325 0.27942779]
Pitch 72 instrument variance: [0.23457023 0.28383746]
Pitch 67 instrument variance: [0.23169212 0.28643993]
Pitch 50 instrument variance: [0.22066999 0.28564972]
Pitch 69 instrument variance: [0.23606003 0.28757505]
Pitch 60 instrument variance: [0.23113543 0.28412944]
Pitch 62 instrument variance: [0.23314799 0.2868127 ]
Pitch 56 instrument variance: [0.22967069 0.28947359]
Pitch 52 instrument variance: [0.22560603 0.29064888]
Pitch 54 instrument variance: [0.22554358 0.28852036]
Pitch 65 instrument variance: [0.23358385 0.2892536 ]
Pitch 71 instrument variance: [0.23488121 0.28373345]
Pitch 49 instrument variance: [0.21907927 0.27915004]
Pitch 68 instrument variance: [0.23335852 0.28232229]
Pitch 63 instrument variance: [0.23077945 0.28195511]
Pitch 48 instrument variance: [0.22076381 0.28475806]
Pitch 51 instrument variance: [0.21697729 0.27708644]
Pitch 64 instrument variance: [0.23194425 0.28658501]
Pitch 57 instrument variance: [0.23139642 0.29421402]

Train - Mean variance per instrument: [2.05909795e-05 8.24906788e-07]
Train - Mean variance per pitch: [0.22941546 0.28606317]

Processing Test data...

Test - Pitch variance per instrument:
Instrument 805 pitch variance: [0.04806825 0.1052019 ]
Instrument 450 pitch variance: [0.02544747 0.0271562 ]
Instrument 46 pitch variance: [2.33464553e-06 1.69551907e-05]
Instrument 37 pitch variance: [0.0073119  0.02685625]
Instrument 219 pitch variance: [0.00678654 0.01034717]
Instrument 644 pitch variance: [0.00173317 0.01596841]
Instrument 378 pitch variance: [0.01244714 0.05650007]
Instrument 121 pitch variance: [0.00388252 0.0057163 ]
Instrument 183 pitch variance: [0.06150968 0.06865082]
Instrument 838 pitch variance: [0.0534621  0.13438041]
Instrument 440 pitch variance: [0.01705918 0.00636335]
Instrument 50 pitch variance: [0.00777214 0.02178124]
Instrument 905 pitch variance: [0.00559189 0.00647406]
Instrument 150 pitch variance: [0.00868182 0.00723427]
Instrument 316 pitch variance: [0.00715648 0.0078669 ]
Instrument 572 pitch variance: [0.01051775 0.07067886]
Instrument 701 pitch variance: [0.0028217  0.05526823]
Instrument 43 pitch variance: [0.00481535 0.164789  ]
Instrument 123 pitch variance: [0.0199726  0.07993658]
Instrument 420 pitch variance: [0.06180655 0.07224522]
Instrument 417 pitch variance: [0.02891046 0.02866529]
Instrument 65 pitch variance: [0.01954226 0.00906048]
Instrument 914 pitch variance: [0.00165034 0.00758183]
Instrument 457 pitch variance: [0.01441192 0.00214261]
Instrument 759 pitch variance: [0.0007393  0.03441631]
Instrument 488 pitch variance: [3.82611450e-06 2.65508115e-06]
Instrument 414 pitch variance: [0.00057584 0.00028622]
Instrument 8 pitch variance: [0.00217666 0.00640186]
Instrument 100 pitch variance: [0.0085441  0.09390672]
Instrument 224 pitch variance: [0.01065426 0.00328836]
Instrument 40 pitch variance: [0.03715238 0.04372903]
Instrument 104 pitch variance: [0.04387577 0.10775596]
Instrument 263 pitch variance: [0.00240397 0.01788887]
Instrument 656 pitch variance: [0.00355382 0.00610254]
Instrument 803 pitch variance: [9.33356421e-08 1.94112873e-07]
Instrument 880 pitch variance: [0.00210871 0.10937475]
Instrument 577 pitch variance: [0.00192568 0.00145232]
Instrument 921 pitch variance: [0.00249681 0.00364309]
Instrument 436 pitch variance: [0.01829945 0.01068192]
Instrument 927 pitch variance: [0.00041991 0.00074222]
Instrument 128 pitch variance: [0.01624463 0.00952834]
Instrument 82 pitch variance: [0.01104953 0.03337223]
Instrument 590 pitch variance: [0.00106686 0.06713305]
Instrument 97 pitch variance: [0. 0.]
Instrument 327 pitch variance: [0.0240254  0.07533123]
Instrument 510 pitch variance: [0.00019021 0.00231974]
Instrument 958 pitch variance: [0.03658283 0.00828645]
Instrument 642 pitch variance: [0. 0.]
Instrument 387 pitch variance: [0.0022776  0.00458409]
Instrument 872 pitch variance: [0.00355388 0.07412444]

Test - Instrument variance per pitch:
Pitch 66 instrument variance: [0.15034718 0.20564884]
Pitch 71 instrument variance: [0.14087515 0.19150261]
Pitch 59 instrument variance: [0.10197165 0.22988931]
Pitch 65 instrument variance: [0.16573345 0.27256983]
Pitch 49 instrument variance: [0.13342615 0.14950503]
Pitch 54 instrument variance: [0.14517783 0.26498125]
Pitch 55 instrument variance: [0.10713824 0.28104678]
Pitch 51 instrument variance: [0.14644412 0.17446185]
Pitch 58 instrument variance: [0.19864809 0.18947923]
Pitch 69 instrument variance: [0.08950764 0.14146738]
Pitch 67 instrument variance: [0.17726778 0.13924046]
Pitch 72 instrument variance: [0.11862929 0.34768022]
Pitch 68 instrument variance: [0.2224368  0.14524766]
Pitch 50 instrument variance: [0.21468634 0.26682393]
Pitch 53 instrument variance: [0.02899633 0.2379783 ]
Pitch 70 instrument variance: [0.11669767 0.26817874]
Pitch 64 instrument variance: [0.18532232 0.18291935]
Pitch 61 instrument variance: [0.23596336 0.18170659]
Pitch 60 instrument variance: [0.08812422 0.23201171]
Pitch 62 instrument variance: [0.18992812 0.18902991]
Pitch 57 instrument variance: [0.10212056 0.14835196]
Pitch 56 instrument variance: [0.11557635 0.23052934]
Pitch 63 instrument variance: [0.18946884 0.21299514]
Pitch 52 instrument variance: [0.09240342 0.21693892]
Pitch 48 instrument variance: [0.08508347 0.17674789]

Test - Mean variance per instrument: [0.01322566 0.0341047 ]
Test - Mean variance per pitch: [0.14167897 0.21107729]
######## Evaluation Complete ########
