##### Starting Pitch variance Evaluation Stage #####
Number of available GPUs: 1
GPU 0: NVIDIA GeForce RTX 4090
Using cuda:0 device
The 'random' package is not imported, skipping random seed.
The 'scipy' package is not imported, skipping scipy seed.
Creating the train dataset with db_path: data/processed/train
Creating the test dataset with db_path: data/processed/test
Creating the train dataloader with batch_size: 256
Creating the test dataloader with batch_size: 256
Length of train dataloader: 10
Length of test dataloader: 2
Loading the condition model from path: out/vae/checkpoints/vae_final_fetid-yews_epoch_15000.torch
######## Evaluation ########
Evaluating the condition model

Processing Train data...

Train - Pitch variance per instrument:
Instrument 141 pitch variance: [1.26944012e-07 4.46126272e-08]
Instrument 850 pitch variance: [2.42409983e-07 2.27047871e-07]
Instrument 208 pitch variance: [1.13484756e-07 2.84644942e-08]
Instrument 397 pitch variance: [1.55585699e-07 8.52369695e-08]
Instrument 703 pitch variance: [1.71485123e-07 6.38538851e-08]
Instrument 895 pitch variance: [1.94353741e-07 1.51399532e-07]
Instrument 443 pitch variance: [1.22857118e-07 2.24659658e-07]
Instrument 206 pitch variance: [1.52951900e-07 6.84966486e-08]
Instrument 301 pitch variance: [1.20446588e-07 2.13142807e-07]
Instrument 673 pitch variance: [7.83719811e-08 1.31730200e-07]
Instrument 381 pitch variance: [2.03630617e-07 1.08565190e-07]
Instrument 23 pitch variance: [2.75968982e-07 1.24947786e-07]
Instrument 686 pitch variance: [1.07161495e-07 5.91325346e-08]
Instrument 890 pitch variance: [6.97980068e-08 7.44883425e-08]
Instrument 540 pitch variance: [8.22694848e-07 1.85422302e-07]
Instrument 478 pitch variance: [4.77671002e-07 3.01672752e-07]
Instrument 359 pitch variance: [1.98642172e-07 1.09123485e-07]
Instrument 323 pitch variance: [1.17138940e-07 1.84545596e-07]
Instrument 33 pitch variance: [1.64734347e-07 2.47069243e-07]
Instrument 821 pitch variance: [1.56134866e-07 5.70108030e-08]
Instrument 228 pitch variance: [2.95019157e-07 8.39257578e-08]
Instrument 212 pitch variance: [1.09459193e-07 9.30514451e-08]
Instrument 674 pitch variance: [1.05576027e-07 5.94052691e-08]
Instrument 145 pitch variance: [1.11596997e-07 1.91229484e-07]
Instrument 303 pitch variance: [1.05173485e-07 2.94843140e-07]
Instrument 425 pitch variance: [2.81705021e-07 1.73540600e-07]
Instrument 401 pitch variance: [1.45544988e-07 1.83872485e-07]
Instrument 17 pitch variance: [4.47079417e-08 8.57468418e-08]
Instrument 485 pitch variance: [1.18128171e-07 1.58936526e-07]
Instrument 405 pitch variance: [2.06772331e-07 1.01480970e-07]
Instrument 39 pitch variance: [6.56054291e-08 1.01597359e-07]
Instrument 126 pitch variance: [1.52887204e-07 1.27950967e-07]
Instrument 216 pitch variance: [2.34697255e-07 1.34855806e-07]
Instrument 939 pitch variance: [4.96497551e-08 1.60511324e-07]
Instrument 720 pitch variance: [4.00022367e-08 1.29404177e-07]
Instrument 965 pitch variance: [1.84950871e-07 8.99366067e-08]
Instrument 365 pitch variance: [1.69262710e-07 9.65851968e-08]
Instrument 907 pitch variance: [8.73436231e-08 1.54047644e-07]
Instrument 117 pitch variance: [7.58448925e-08 1.40749528e-07]
Instrument 193 pitch variance: [1.01728280e-07 3.42265618e-07]
Instrument 244 pitch variance: [2.10949154e-07 1.54658506e-07]
Instrument 685 pitch variance: [1.54309474e-07 1.48527095e-07]
Instrument 345 pitch variance: [1.04033661e-07 2.48285428e-07]
Instrument 592 pitch variance: [2.15347701e-07 9.78184948e-08]
Instrument 167 pitch variance: [3.03077500e-07 5.05074955e-07]
Instrument 819 pitch variance: [6.98818744e-08 1.29431372e-07]
Instrument 742 pitch variance: [7.42697337e-08 1.45373372e-07]
Instrument 582 pitch variance: [8.06507384e-08 3.17056522e-07]
Instrument 235 pitch variance: [1.17570963e-07 3.05462100e-07]
Instrument 331 pitch variance: [1.01850521e-07 1.14940047e-07]
Instrument 396 pitch variance: [1.54704123e-07 4.46230119e-08]
Instrument 864 pitch variance: [1.02768778e-07 1.22867835e-07]
Instrument 784 pitch variance: [1.01765442e-07 8.48949642e-08]
Instrument 698 pitch variance: [1.54713399e-07 8.10065168e-08]
Instrument 817 pitch variance: [1.00560025e-07 3.23127940e-08]
Instrument 242 pitch variance: [1.58562042e-06 8.41164094e-07]
Instrument 348 pitch variance: [1.21743858e-07 2.50578352e-07]
Instrument 236 pitch variance: [2.89664792e-07 2.57705650e-07]
Instrument 498 pitch variance: [2.26679638e-07 1.73505851e-07]
Instrument 26 pitch variance: [6.75269354e-08 1.51902065e-07]
Instrument 566 pitch variance: [8.30948329e-08 9.31009591e-08]
Instrument 641 pitch variance: [1.54117611e-07 1.06617598e-07]
Instrument 437 pitch variance: [2.23918521e-07 2.11287772e-07]
Instrument 179 pitch variance: [8.51822381e-08 1.41314028e-07]
Instrument 603 pitch variance: [9.52419621e-08 1.46904974e-07]
Instrument 843 pitch variance: [1.48365785e-07 1.07860265e-07]
Instrument 222 pitch variance: [7.30789906e-08 1.20530749e-07]
Instrument 854 pitch variance: [5.45142095e-08 6.18656546e-08]
Instrument 787 pitch variance: [1.05752313e-07 1.36033789e-07]
Instrument 930 pitch variance: [1.78349525e-07 1.17778614e-07]
Instrument 499 pitch variance: [9.69406675e-08 2.60626145e-07]
Instrument 346 pitch variance: [1.09561255e-07 1.46764528e-07]
Instrument 296 pitch variance: [1.90696951e-07 2.64314438e-07]
Instrument 827 pitch variance: [1.48165914e-07 1.62537357e-07]
Instrument 735 pitch variance: [3.45377487e-07 7.68760477e-07]
Instrument 830 pitch variance: [1.1398367e-07 2.7357707e-07]
Instrument 459 pitch variance: [1.34370026e-07 6.85702209e-08]
Instrument 231 pitch variance: [2.13501176e-07 1.05272615e-07]
Instrument 289 pitch variance: [4.89737700e-08 1.72473703e-07]
Instrument 42 pitch variance: [2.17269383e-07 2.54452815e-07]
Instrument 617 pitch variance: [1.37111262e-07 4.33755260e-07]
Instrument 403 pitch variance: [1.05633397e-07 1.74946218e-07]
Instrument 106 pitch variance: [1.09491749e-07 1.27947874e-07]
Instrument 361 pitch variance: [7.59008345e-08 1.06100395e-07]
Instrument 24 pitch variance: [8.90996997e-08 5.40390611e-08]
Instrument 66 pitch variance: [8.95634031e-08 2.76925275e-07]
Instrument 3 pitch variance: [1.37253347e-07 8.93903681e-08]
Instrument 271 pitch variance: [1.27560585e-07 4.32102418e-07]
Instrument 409 pitch variance: [3.51869829e-07 4.25915617e-07]
Instrument 371 pitch variance: [7.67171872e-08 2.27919598e-07]
Instrument 828 pitch variance: [8.92707327e-08 1.56204654e-07]
Instrument 367 pitch variance: [1.03372480e-07 2.67220421e-07]
Instrument 764 pitch variance: [8.30344381e-08 5.85670918e-08]
Instrument 772 pitch variance: [1.41711212e-07 9.06482700e-08]
Instrument 299 pitch variance: [5.24773075e-08 4.24212130e-07]
Instrument 386 pitch variance: [7.48270446e-08 1.11451605e-07]
Instrument 363 pitch variance: [6.34419996e-08 1.34270451e-07]
Instrument 432 pitch variance: [7.85436381e-08 3.05756921e-07]
Instrument 326 pitch variance: [1.62510825e-07 2.38492098e-07]
Instrument 36 pitch variance: [5.50958194e-08 1.14299489e-07]
Instrument 418 pitch variance: [9.10598258e-08 1.37780386e-07]
Instrument 203 pitch variance: [9.42200847e-08 1.83302441e-07]
Instrument 632 pitch variance: [7.31223713e-08 8.19238842e-08]
Instrument 634 pitch variance: [8.62482081e-08 7.95287895e-08]

Train - Instrument variance per pitch:
Pitch 66 instrument variance: [0.19035763 0.17659556]
Pitch 59 instrument variance: [0.19530583 0.17116529]
Pitch 61 instrument variance: [0.18804612 0.17215041]
Pitch 55 instrument variance: [0.19494046 0.17154843]
Pitch 53 instrument variance: [0.18743286 0.17213582]
Pitch 58 instrument variance: [0.19139349 0.17495969]
Pitch 70 instrument variance: [0.18778272 0.1780122 ]
Pitch 72 instrument variance: [0.19280678 0.17556447]
Pitch 67 instrument variance: [0.19219085 0.17217947]
Pitch 50 instrument variance: [0.19414667 0.17068117]
Pitch 69 instrument variance: [0.19275607 0.17263691]
Pitch 60 instrument variance: [0.19054971 0.1707929 ]
Pitch 62 instrument variance: [0.1914395  0.16886175]
Pitch 56 instrument variance: [0.19140196 0.17498275]
Pitch 52 instrument variance: [0.18742727 0.17215738]
Pitch 54 instrument variance: [0.18552669 0.17682421]
Pitch 65 instrument variance: [0.19399143 0.17306492]
Pitch 71 instrument variance: [0.19200402 0.17264912]
Pitch 49 instrument variance: [0.19180457 0.17565718]
Pitch 68 instrument variance: [0.18902541 0.17608866]
Pitch 63 instrument variance: [0.18803102 0.17224899]
Pitch 48 instrument variance: [0.19541134 0.17186211]
Pitch 51 instrument variance: [0.18861131 0.17308738]
Pitch 64 instrument variance: [0.19209546 0.17215783]
Pitch 57 instrument variance: [0.19496798 0.17162342]

Train - Mean variance per instrument: [1.58321193e-07 1.75529740e-07]
Train - Mean variance per pitch: [0.19117789 0.17318752]

Processing Test data...

Test - Pitch variance per instrument:
Instrument 805 pitch variance: [0.00155298 0.02119003]
Instrument 450 pitch variance: [0.01918213 0.01008466]
Instrument 46 pitch variance: [0.00061833 0.00167175]
Instrument 37 pitch variance: [0.00535556 0.00997488]
Instrument 219 pitch variance: [0.00106347 0.0171052 ]
Instrument 644 pitch variance: [0.00116065 0.00222234]
Instrument 378 pitch variance: [0.00225754 0.00276478]
Instrument 121 pitch variance: [0.00063025 0.00110125]
Instrument 183 pitch variance: [0.00640046 0.02468542]
Instrument 838 pitch variance: [0.0016607  0.00680069]
Instrument 440 pitch variance: [0.00476264 0.01203211]
Instrument 50 pitch variance: [0.0101425  0.03383845]
Instrument 905 pitch variance: [0.00312079 0.02377589]
Instrument 150 pitch variance: [0.00314295 0.00612143]
Instrument 316 pitch variance: [0.0038056  0.00974447]
Instrument 572 pitch variance: [0.00774853 0.03507411]
Instrument 701 pitch variance: [0.0128945  0.08256377]
Instrument 43 pitch variance: [0.00752123 0.01113618]
Instrument 123 pitch variance: [0.03002437 0.02895443]
Instrument 420 pitch variance: [0.00212289 0.13656805]
Instrument 417 pitch variance: [0.01051115 0.03151705]
Instrument 65 pitch variance: [0.00339898 0.01287344]
Instrument 914 pitch variance: [0.01687116 0.02298866]
Instrument 457 pitch variance: [0.00977139 0.01427725]
Instrument 759 pitch variance: [0.00263974 0.00317624]
Instrument 488 pitch variance: [1.12473452e-04 9.73258858e-05]
Instrument 414 pitch variance: [0.01560615 0.00291646]
Instrument 8 pitch variance: [0.00362913 0.02517976]
Instrument 100 pitch variance: [0.00542255 0.01663214]
Instrument 224 pitch variance: [0.0004135  0.00013834]
Instrument 40 pitch variance: [0.01608163 0.02276911]
Instrument 104 pitch variance: [0.01192706 0.05934721]
Instrument 263 pitch variance: [0.0084383  0.02837474]
Instrument 656 pitch variance: [0.00205263 0.00322652]
Instrument 803 pitch variance: [3.95680722e-08 4.06716545e-07]
Instrument 880 pitch variance: [0.00043346 0.0020009 ]
Instrument 577 pitch variance: [0.00038759 0.00452298]
Instrument 921 pitch variance: [0.00683979 0.00433807]
Instrument 436 pitch variance: [0.00198649 0.00133034]
Instrument 927 pitch variance: [0.00078243 0.00702094]
Instrument 128 pitch variance: [0.01416351 0.00217372]
Instrument 82 pitch variance: [0.00403492 0.00890867]
Instrument 590 pitch variance: [0.00330713 0.00108705]
Instrument 97 pitch variance: [0. 0.]
Instrument 327 pitch variance: [0.01922618 0.02017013]
Instrument 510 pitch variance: [0.00064364 0.00636852]
Instrument 958 pitch variance: [0.02250593 0.09992758]
Instrument 642 pitch variance: [0. 0.]
Instrument 387 pitch variance: [0.00087863 0.01477619]
Instrument 872 pitch variance: [0.0155852  0.07634865]

Test - Instrument variance per pitch:
Pitch 66 instrument variance: [0.13510284 0.09879131]
Pitch 71 instrument variance: [0.11047101 0.06362312]
Pitch 59 instrument variance: [0.11534612 0.03281771]
Pitch 65 instrument variance: [0.17169242 0.11365538]
Pitch 49 instrument variance: [0.05472951 0.08367004]
Pitch 54 instrument variance: [0.15927737 0.08415507]
Pitch 55 instrument variance: [0.11404142 0.09677548]
Pitch 51 instrument variance: [0.05791806 0.10045559]
Pitch 58 instrument variance: [0.15018473 0.10165308]
Pitch 69 instrument variance: [0.16281708 0.08106267]
Pitch 67 instrument variance: [0.14158703 0.1495889 ]
Pitch 72 instrument variance: [0.13315338 0.03627212]
Pitch 68 instrument variance: [0.08509165 0.08721265]
Pitch 50 instrument variance: [0.14248067 0.08504214]
Pitch 53 instrument variance: [0.17629332 0.1487071 ]
Pitch 70 instrument variance: [0.09788449 0.03578594]
Pitch 64 instrument variance: [0.19403672 0.05757533]
Pitch 61 instrument variance: [0.1707971  0.10938168]
Pitch 60 instrument variance: [0.09734121 0.13602004]
Pitch 62 instrument variance: [0.18098119 0.09458792]
Pitch 57 instrument variance: [0.14120949 0.08820958]
Pitch 56 instrument variance: [0.16114935 0.0901889 ]
Pitch 63 instrument variance: [0.16921312 0.10186573]
Pitch 52 instrument variance: [0.07161716 0.13197586]
Pitch 48 instrument variance: [0.158986   0.08182149]

Test - Mean variance per instrument: [0.00645638 0.01939797]
Test - Mean variance per pitch: [0.1341361  0.09163579]
######## Evaluation Complete ########
