##### Starting Pitch variance Evaluation Stage #####
Number of available GPUs: 1
GPU 0: NVIDIA GeForce RTX 4090
Using cuda:0 device
The 'random' package is not imported, skipping random seed.
The 'scipy' package is not imported, skipping scipy seed.
Creating the train dataset with db_path: data/processed/train
Creating the test dataset with db_path: data/processed/test
Creating the train dataloader with batch_size: 256
Creating the test dataloader with batch_size: 256
Length of train dataloader: 10
Length of test dataloader: 2
Loading the condition model from path: out/vae/checkpoints/vae_final_mucky-hard_epoch_15000.torch
######## Evaluation ########
Evaluating the condition model

Processing Train data...

Train - Pitch variance per instrument:
Instrument 141 pitch variance: [0.00086105 0.00054243]
Instrument 850 pitch variance: [2.33352230e-08 7.34591147e-08]
Instrument 208 pitch variance: [8.68314651e-08 5.91018439e-08]
Instrument 397 pitch variance: [9.98728434e-08 3.85666650e-08]
Instrument 703 pitch variance: [4.39508609e-08 1.33929573e-07]
Instrument 895 pitch variance: [7.66228284e-08 2.69488957e-08]
Instrument 443 pitch variance: [1.28992048e-07 1.85856955e-08]
Instrument 206 pitch variance: [1.44421839e-06 2.52230345e-06]
Instrument 301 pitch variance: [5.65485312e-08 1.85712404e-08]
Instrument 673 pitch variance: [5.37093393e-08 3.26755683e-08]
Instrument 381 pitch variance: [6.97190143e-08 1.35665432e-08]
Instrument 23 pitch variance: [1.42009828e-07 4.78543627e-08]
Instrument 686 pitch variance: [1.73433089e-08 3.99730431e-08]
Instrument 890 pitch variance: [3.45596814e-07 1.99701537e-07]
Instrument 540 pitch variance: [4.94962530e-08 7.29550889e-09]
Instrument 478 pitch variance: [5.45248233e-08 1.91504834e-08]
Instrument 359 pitch variance: [8.64785448e-05 5.40540604e-04]
Instrument 323 pitch variance: [3.34561496e-05 1.19787482e-04]
Instrument 33 pitch variance: [1.07048718e-07 1.24301451e-07]
Instrument 821 pitch variance: [1.70176504e-08 3.73783817e-08]
Instrument 228 pitch variance: [2.41874056e-05 5.49000027e-04]
Instrument 212 pitch variance: [7.92834569e-07 4.33798629e-04]
Instrument 674 pitch variance: [1.41484510e-07 1.02228148e-07]
Instrument 145 pitch variance: [3.36024049e-08 6.19971472e-08]
Instrument 303 pitch variance: [2.25171120e-08 1.80791866e-08]
Instrument 425 pitch variance: [6.27514467e-08 5.57009238e-08]
Instrument 401 pitch variance: [4.65496090e-07 2.27816282e-07]
Instrument 17 pitch variance: [1.97229888e-07 4.24836464e-07]
Instrument 485 pitch variance: [8.88696545e-08 5.13921705e-08]
Instrument 405 pitch variance: [2.64009729e-08 4.29284846e-08]
Instrument 39 pitch variance: [2.27384612e-08 1.08186637e-08]
Instrument 126 pitch variance: [0.00015223 0.00041929]
Instrument 216 pitch variance: [9.75205360e-08 1.77981815e-07]
Instrument 939 pitch variance: [1.57023411e-06 1.18436220e-06]
Instrument 720 pitch variance: [7.54212567e-08 3.20912453e-08]
Instrument 965 pitch variance: [1.53684420e-08 2.68596523e-09]
Instrument 365 pitch variance: [4.86232198e-08 5.45658803e-08]
Instrument 907 pitch variance: [2.22752813e-07 1.28605127e-07]
Instrument 117 pitch variance: [0.00399051 0.00058161]
Instrument 193 pitch variance: [2.68787681e-08 1.50175029e-08]
Instrument 244 pitch variance: [4.43397433e-08 5.54399416e-08]
Instrument 685 pitch variance: [1.37761540e-07 1.10891835e-07]
Instrument 345 pitch variance: [9.96622766e-08 5.55190581e-08]
Instrument 592 pitch variance: [7.13786721e-08 1.81031660e-08]
Instrument 167 pitch variance: [0.00207711 0.00116524]
Instrument 819 pitch variance: [5.97627023e-08 5.39606907e-09]
Instrument 742 pitch variance: [4.59353870e-08 1.85010846e-08]
Instrument 582 pitch variance: [2.28839811e-08 5.94203774e-08]
Instrument 235 pitch variance: [6.74413162e-08 5.98032973e-08]
Instrument 331 pitch variance: [8.45068568e-08 1.46128185e-07]
Instrument 396 pitch variance: [4.46208555e-06 1.19718882e-03]
Instrument 864 pitch variance: [8.29588287e-08 1.33316978e-07]
Instrument 784 pitch variance: [9.86714883e-09 5.47240270e-08]
Instrument 698 pitch variance: [6.84757295e-08 1.02440703e-08]
Instrument 817 pitch variance: [7.36059397e-08 1.33490324e-07]
Instrument 242 pitch variance: [2.77158073e-07 3.35841173e-06]
Instrument 348 pitch variance: [2.77496442e-05 1.83460081e-04]
Instrument 236 pitch variance: [2.17227285e-06 5.54646254e-07]
Instrument 498 pitch variance: [8.06570295e-08 1.33447199e-07]
Instrument 26 pitch variance: [7.47529716e-08 5.78378840e-08]
Instrument 566 pitch variance: [1.05108591e-04 7.62765333e-05]
Instrument 641 pitch variance: [1.67432671e-07 2.07659008e-07]
Instrument 437 pitch variance: [2.26638117e-08 9.85952760e-09]
Instrument 179 pitch variance: [2.17651828e-07 5.77267314e-08]
Instrument 603 pitch variance: [1.55492090e-07 7.69810439e-07]
Instrument 843 pitch variance: [1.02639893e-08 7.38600988e-09]
Instrument 222 pitch variance: [3.63556041e-08 3.46028119e-08]
Instrument 854 pitch variance: [2.43037625e-08 2.77911636e-08]
Instrument 787 pitch variance: [2.23673879e-08 3.80123373e-08]
Instrument 930 pitch variance: [9.68672633e-07 3.07280419e-06]
Instrument 499 pitch variance: [1.01805398e-07 2.39134921e-08]
Instrument 346 pitch variance: [4.56355773e-08 2.00331443e-08]
Instrument 296 pitch variance: [2.69576661e-08 2.35441328e-08]
Instrument 827 pitch variance: [3.46360091e-07 2.90073749e-07]
Instrument 735 pitch variance: [2.50316402e-08 1.16765289e-08]
Instrument 830 pitch variance: [2.94633261e-08 1.53850565e-07]
Instrument 459 pitch variance: [2.56669022e-08 4.26707562e-08]
Instrument 231 pitch variance: [2.50856110e-08 1.98179053e-08]
Instrument 289 pitch variance: [2.96328968e-08 2.86670621e-08]
Instrument 42 pitch variance: [3.08046176e-08 2.49998708e-08]
Instrument 617 pitch variance: [2.24011945e-08 5.71043455e-08]
Instrument 403 pitch variance: [1.90974012e-04 2.06778953e-05]
Instrument 106 pitch variance: [1.69159261e-07 3.30176383e-07]
Instrument 361 pitch variance: [0.00199303 0.00025467]
Instrument 24 pitch variance: [1.14408850e-07 2.97754584e-08]
Instrument 66 pitch variance: [3.54295604e-07 4.95540872e-07]
Instrument 3 pitch variance: [7.43905135e-08 7.93510568e-09]
Instrument 271 pitch variance: [4.96084641e-04 4.43503064e-05]
Instrument 409 pitch variance: [1.90161834e-07 8.33934914e-09]
Instrument 371 pitch variance: [4.38289177e-08 1.61856117e-08]
Instrument 828 pitch variance: [2.86610385e-08 2.87973679e-08]
Instrument 367 pitch variance: [1.48067717e-08 8.98401888e-09]
Instrument 764 pitch variance: [1.50931736e-08 1.14353604e-07]
Instrument 772 pitch variance: [1.05316626e-08 1.56049835e-08]
Instrument 299 pitch variance: [1.98192089e-07 3.48767029e-06]
Instrument 386 pitch variance: [2.89188599e-05 1.82196742e-04]
Instrument 363 pitch variance: [0.00124215 0.00259982]
Instrument 432 pitch variance: [5.56556634e-08 2.30634321e-08]
Instrument 326 pitch variance: [3.33387303e-08 4.29821211e-07]
Instrument 36 pitch variance: [1.33341478e-04 2.70286576e-05]
Instrument 418 pitch variance: [1.69176458e-08 7.62039908e-08]
Instrument 203 pitch variance: [0.00085887 0.00033148]
Instrument 632 pitch variance: [7.00546150e-05 7.25870919e-05]
Instrument 634 pitch variance: [3.19599957e-04 7.17428042e-05]

Train - Instrument variance per pitch:
Pitch 66 instrument variance: [0.00241224 0.00208394]
Pitch 59 instrument variance: [0.00242693 0.0019758 ]
Pitch 61 instrument variance: [0.00240777 0.00202728]
Pitch 55 instrument variance: [0.0023317  0.00207073]
Pitch 53 instrument variance: [0.00210919 0.0020221 ]
Pitch 58 instrument variance: [0.00245698 0.00193988]
Pitch 70 instrument variance: [0.00235202 0.00213157]
Pitch 72 instrument variance: [0.00242586 0.00209876]
Pitch 67 instrument variance: [0.00242137 0.00204454]
Pitch 50 instrument variance: [0.00215308 0.00208151]
Pitch 69 instrument variance: [0.00236193 0.00192479]
Pitch 60 instrument variance: [0.00239881 0.00208931]
Pitch 62 instrument variance: [0.00239691 0.00195062]
Pitch 56 instrument variance: [0.00259904 0.00219761]
Pitch 52 instrument variance: [0.00235108 0.00184951]
Pitch 54 instrument variance: [0.00223137 0.00203078]
Pitch 65 instrument variance: [0.00238419 0.00210465]
Pitch 71 instrument variance: [0.00235106 0.00201615]
Pitch 49 instrument variance: [0.00202488 0.00220887]
Pitch 68 instrument variance: [0.00235376 0.00201448]
Pitch 63 instrument variance: [0.00240289 0.00200428]
Pitch 48 instrument variance: [0.00213732 0.00208373]
Pitch 51 instrument variance: [0.00209551 0.00213031]
Pitch 64 instrument variance: [0.00243806 0.00212283]
Pitch 57 instrument variance: [0.00248406 0.00202355]

Train - Mean variance per instrument: [1.22204072e-04 9.07129517e-05]
Train - Mean variance per pitch: [0.00234032 0.0020491 ]

Processing Test data...

Test - Pitch variance per instrument:
Instrument 805 pitch variance: [7.24687476e-05 1.13051538e-04]
Instrument 450 pitch variance: [3.58070026e-05 1.00980606e-03]
Instrument 46 pitch variance: [2.99127943e-07 9.09707495e-08]
Instrument 37 pitch variance: [1.44267882e-04 2.75469450e-06]
Instrument 219 pitch variance: [9.03854425e-05 1.64523780e-04]
Instrument 644 pitch variance: [1.85742377e-04 9.77905967e-05]
Instrument 378 pitch variance: [2.10775295e-04 3.55357713e-05]
Instrument 121 pitch variance: [0.00155578 0.00020438]
Instrument 183 pitch variance: [0.00048814 0.00057695]
Instrument 838 pitch variance: [6.40464795e-05 8.08153517e-05]
Instrument 440 pitch variance: [0.00020432 0.00023084]
Instrument 50 pitch variance: [3.73732566e-06 2.48674762e-04]
Instrument 905 pitch variance: [1.87805284e-05 7.75168554e-06]
Instrument 150 pitch variance: [8.56762086e-05 3.26045046e-04]
Instrument 316 pitch variance: [3.75365517e-06 3.57093221e-05]
Instrument 572 pitch variance: [5.55774145e-06 1.53416648e-04]
Instrument 701 pitch variance: [2.35202391e-05 1.09568230e-04]
Instrument 43 pitch variance: [0.0001226  0.00016545]
Instrument 123 pitch variance: [6.16599725e-05 2.03210771e-04]
Instrument 420 pitch variance: [2.72962349e-05 2.39441344e-05]
Instrument 417 pitch variance: [0.00029175 0.00014933]
Instrument 65 pitch variance: [8.83550665e-05 1.84376214e-04]
Instrument 914 pitch variance: [2.76382723e-04 5.65446769e-06]
Instrument 457 pitch variance: [7.23550875e-06 2.90163984e-05]
Instrument 759 pitch variance: [7.02638832e-05 6.36257033e-05]
Instrument 488 pitch variance: [4.36030250e-07 1.66518877e-08]
Instrument 414 pitch variance: [1.40313488e-05 3.79333915e-06]
Instrument 8 pitch variance: [6.96066182e-06 1.29355376e-04]
Instrument 100 pitch variance: [0.00025814 0.00019572]
Instrument 224 pitch variance: [0.00017476 0.00013184]
Instrument 40 pitch variance: [9.38172475e-05 2.85781452e-05]
Instrument 104 pitch variance: [0.00117353 0.00033647]
Instrument 263 pitch variance: [0.00020984 0.00019258]
Instrument 656 pitch variance: [2.14993593e-05 1.39925136e-04]
Instrument 803 pitch variance: [1.25844576e-06 1.14149865e-06]
Instrument 880 pitch variance: [3.29536754e-04 1.88436113e-05]
Instrument 577 pitch variance: [5.55470758e-06 6.50637291e-05]
Instrument 921 pitch variance: [4.13740084e-06 3.41286402e-05]
Instrument 436 pitch variance: [5.39480805e-05 2.98621204e-05]
Instrument 927 pitch variance: [1.84399135e-05 1.46011464e-05]
Instrument 128 pitch variance: [3.29047669e-04 2.95011822e-05]
Instrument 82 pitch variance: [0.00120068 0.00058651]
Instrument 590 pitch variance: [2.97730485e-05 1.31526485e-04]
Instrument 97 pitch variance: [0. 0.]
Instrument 327 pitch variance: [0.00015834 0.00030225]
Instrument 510 pitch variance: [8.19965512e-06 8.80881678e-06]
Instrument 958 pitch variance: [0.00033148 0.00134121]
Instrument 642 pitch variance: [0. 0.]
Instrument 387 pitch variance: [0.00016151 0.00026131]
Instrument 872 pitch variance: [2.44197876e-04 1.31078063e-05]

Test - Instrument variance per pitch:
Pitch 66 instrument variance: [0.00149621 0.00066616]
Pitch 71 instrument variance: [0.0011965  0.00154409]
Pitch 59 instrument variance: [0.00132606 0.00015241]
Pitch 65 instrument variance: [0.00132072 0.00095815]
Pitch 49 instrument variance: [0.00052731 0.00053477]
Pitch 54 instrument variance: [0.00155248 0.0004678 ]
Pitch 55 instrument variance: [0.00148599 0.00052103]
Pitch 51 instrument variance: [0.0013531  0.00167833]
Pitch 58 instrument variance: [0.00132418 0.00034896]
Pitch 69 instrument variance: [0.00065907 0.00100875]
Pitch 67 instrument variance: [0.00106378 0.00074597]
Pitch 72 instrument variance: [0.00113465 0.00118373]
Pitch 68 instrument variance: [0.00141993 0.00049867]
Pitch 50 instrument variance: [0.00126584 0.00043245]
Pitch 53 instrument variance: [0.00063758 0.00083534]
Pitch 70 instrument variance: [0.00094163 0.00083188]
Pitch 64 instrument variance: [0.00164046 0.00048261]
Pitch 61 instrument variance: [0.00194526 0.00042138]
Pitch 60 instrument variance: [0.00086871 0.00120725]
Pitch 62 instrument variance: [0.0012597 0.0008124]
Pitch 57 instrument variance: [0.00077469 0.00029866]
Pitch 56 instrument variance: [0.00118877 0.00026768]
Pitch 63 instrument variance: [0.00154836 0.00029144]
Pitch 52 instrument variance: [0.00058282 0.00058599]
Pitch 48 instrument variance: [0.00105201 0.00053322]

Test - Mean variance per instrument: [0.00017935 0.00016437]
Test - Mean variance per pitch: [0.00118263 0.00069237]
######## Evaluation Complete ########
