##### Starting Pitch variance Evaluation Stage #####
Number of available GPUs: 1
GPU 0: NVIDIA GeForce RTX 4090
Using cuda:0 device
The 'random' package is not imported, skipping random seed.
The 'scipy' package is not imported, skipping scipy seed.
Creating the train dataset with db_path: data/processed/train
Creating the test dataset with db_path: data/processed/test
Creating the train dataloader with batch_size: 256
Creating the test dataloader with batch_size: 256
Length of train dataloader: 10
Length of test dataloader: 2
Loading the condition model from path: out/vae/checkpoints/vae_final_timid-orfe_epoch_15000.torch
######## Evaluation ########
Evaluating the condition model

Processing Train data...

Train - Pitch variance per instrument:
Instrument 141 pitch variance: [4.52840962e-08 3.41887002e-08]
Instrument 850 pitch variance: [9.83552088e-08 1.15663735e-07]
Instrument 208 pitch variance: [5.15856372e-08 3.61516915e-08]
Instrument 397 pitch variance: [1.29929282e-07 3.34175854e-08]
Instrument 703 pitch variance: [6.34191577e-08 9.97662795e-08]
Instrument 895 pitch variance: [4.22165832e-08 7.43634758e-08]
Instrument 443 pitch variance: [3.69184354e-08 3.07843642e-08]
Instrument 206 pitch variance: [3.13503197e-08 7.07766672e-08]
Instrument 301 pitch variance: [1.29040784e-07 8.48453194e-08]
Instrument 673 pitch variance: [2.02056791e-07 7.81987711e-08]
Instrument 381 pitch variance: [5.97123797e-08 4.17898884e-08]
Instrument 23 pitch variance: [7.76027129e-08 8.41062275e-08]
Instrument 686 pitch variance: [3.73245040e-08 8.07147169e-08]
Instrument 890 pitch variance: [1.09414779e-07 4.30789802e-08]
Instrument 540 pitch variance: [1.74517086e-07 3.56618583e-07]
Instrument 478 pitch variance: [1.31834348e-07 7.20891988e-08]
Instrument 359 pitch variance: [1.04306760e-07 1.35842783e-07]
Instrument 323 pitch variance: [1.82165505e-07 4.97140610e-08]
Instrument 33 pitch variance: [7.72420569e-08 9.81382366e-08]
Instrument 821 pitch variance: [1.01643769e-07 6.85058504e-08]
Instrument 228 pitch variance: [9.3468082e-08 5.7896112e-08]
Instrument 212 pitch variance: [5.82365924e-08 3.65470247e-08]
Instrument 674 pitch variance: [4.79933000e-08 5.67068534e-08]
Instrument 145 pitch variance: [8.22265587e-08 8.67765508e-08]
Instrument 303 pitch variance: [7.68784025e-08 2.03476496e-07]
Instrument 425 pitch variance: [1.19900358e-07 7.59119850e-08]
Instrument 401 pitch variance: [6.49408233e-08 5.65946508e-08]
Instrument 17 pitch variance: [1.33241118e-07 5.89245326e-08]
Instrument 485 pitch variance: [4.02441216e-08 9.75289056e-08]
Instrument 405 pitch variance: [5.61386268e-08 1.05246194e-07]
Instrument 39 pitch variance: [5.78035893e-08 3.95216666e-07]
Instrument 126 pitch variance: [5.30450467e-08 9.47096838e-08]
Instrument 216 pitch variance: [5.29852636e-08 5.94757722e-08]
Instrument 939 pitch variance: [4.01562949e-08 3.60807956e-08]
Instrument 720 pitch variance: [6.10042422e-08 1.14104985e-07]
Instrument 965 pitch variance: [8.98974078e-08 5.49258799e-08]
Instrument 365 pitch variance: [9.06392510e-08 5.82321029e-08]
Instrument 907 pitch variance: [9.15914367e-08 5.95907375e-08]
Instrument 117 pitch variance: [8.38428507e-08 1.26329923e-07]
Instrument 193 pitch variance: [1.01609238e-07 2.38156792e-07]
Instrument 244 pitch variance: [1.28639625e-07 1.10285419e-07]
Instrument 685 pitch variance: [2.32578925e-07 1.80082898e-07]
Instrument 345 pitch variance: [4.50050193e-08 7.86291076e-08]
Instrument 592 pitch variance: [1.47300434e-07 6.88716240e-08]
Instrument 167 pitch variance: [7.13863092e-07 1.16350083e-07]
Instrument 819 pitch variance: [2.79125469e-08 3.21766751e-08]
Instrument 742 pitch variance: [3.53099942e-08 8.43611607e-08]
Instrument 582 pitch variance: [1.26769790e-07 4.65560073e-08]
Instrument 235 pitch variance: [1.01481186e-07 8.35374172e-08]
Instrument 331 pitch variance: [4.26410323e-08 8.82137076e-08]
Instrument 396 pitch variance: [4.15913260e-08 4.83690608e-08]
Instrument 864 pitch variance: [1.83102725e-07 2.57342401e-07]
Instrument 784 pitch variance: [5.19681943e-08 7.05219337e-08]
Instrument 698 pitch variance: [2.57981654e-08 3.81077022e-08]
Instrument 817 pitch variance: [8.16724737e-08 7.63568482e-08]
Instrument 242 pitch variance: [1.43268893e-06 9.12933597e-07]
Instrument 348 pitch variance: [6.74357749e-08 1.28882813e-07]
Instrument 236 pitch variance: [9.11383958e-08 1.61726852e-07]
Instrument 498 pitch variance: [9.11727319e-08 5.89137693e-08]
Instrument 26 pitch variance: [8.61378036e-08 6.62782910e-08]
Instrument 566 pitch variance: [1.60385660e-07 8.21444613e-08]
Instrument 641 pitch variance: [6.74138409e-08 1.02197686e-07]
Instrument 437 pitch variance: [4.22361130e-08 1.14543751e-07]
Instrument 179 pitch variance: [1.59848104e-07 4.48949007e-08]
Instrument 603 pitch variance: [7.39775418e-08 7.35009832e-08]
Instrument 843 pitch variance: [4.20725674e-08 2.82391494e-08]
Instrument 222 pitch variance: [4.74527240e-08 1.17853688e-07]
Instrument 854 pitch variance: [5.52370597e-08 5.27399990e-08]
Instrument 787 pitch variance: [1.65053253e-07 1.76650315e-07]
Instrument 930 pitch variance: [3.86691844e-08 1.18762061e-07]
Instrument 499 pitch variance: [9.63554728e-08 2.68294624e-08]
Instrument 346 pitch variance: [5.86891749e-08 9.26256385e-08]
Instrument 296 pitch variance: [5.45603250e-08 4.99886532e-08]
Instrument 827 pitch variance: [9.50136480e-08 2.69699724e-07]
Instrument 735 pitch variance: [1.99691682e-07 2.17578623e-07]
Instrument 830 pitch variance: [3.27359973e-08 1.43986721e-07]
Instrument 459 pitch variance: [1.37014943e-07 1.48300605e-07]
Instrument 231 pitch variance: [9.03923521e-08 1.17172015e-07]
Instrument 289 pitch variance: [1.70505942e-07 7.35634427e-08]
Instrument 42 pitch variance: [9.35564899e-08 1.01485228e-07]
Instrument 617 pitch variance: [3.55694175e-07 8.46120788e-08]
Instrument 403 pitch variance: [7.91622086e-08 6.40175275e-08]
Instrument 106 pitch variance: [3.84223203e-08 1.01457988e-07]
Instrument 361 pitch variance: [1.68500105e-07 4.25679848e-08]
Instrument 24 pitch variance: [7.61509978e-08 1.42224242e-07]
Instrument 66 pitch variance: [1.54938169e-07 4.88000893e-08]
Instrument 3 pitch variance: [4.16334196e-08 4.65914986e-08]
Instrument 271 pitch variance: [2.25716201e-07 8.02920002e-08]
Instrument 409 pitch variance: [3.10273297e-07 2.05507481e-07]
Instrument 371 pitch variance: [1.09874488e-07 1.32732696e-07]
Instrument 828 pitch variance: [2.43922450e-07 6.92664434e-08]
Instrument 367 pitch variance: [5.36454573e-08 4.23845713e-08]
Instrument 764 pitch variance: [2.43733460e-08 7.41037466e-08]
Instrument 772 pitch variance: [6.64409635e-08 4.86562827e-08]
Instrument 299 pitch variance: [7.03069267e-08 8.31377078e-08]
Instrument 386 pitch variance: [1.09956218e-07 7.08063844e-08]
Instrument 363 pitch variance: [1.04041328e-07 4.21977684e-08]
Instrument 432 pitch variance: [8.03942651e-08 6.17910519e-08]
Instrument 326 pitch variance: [5.76546537e-08 5.69289200e-08]
Instrument 36 pitch variance: [9.08672985e-08 4.89634459e-08]
Instrument 418 pitch variance: [3.95852955e-08 3.54898601e-08]
Instrument 203 pitch variance: [7.46111817e-08 1.14668872e-07]
Instrument 632 pitch variance: [5.68542158e-08 5.37413541e-08]
Instrument 634 pitch variance: [6.68139470e-08 6.47706357e-08]

Train - Instrument variance per pitch:
Pitch 66 instrument variance: [0.1768499  0.17448118]
Pitch 59 instrument variance: [0.17894127 0.17989693]
Pitch 61 instrument variance: [0.18197439 0.17794509]
Pitch 55 instrument variance: [0.1795996  0.17831591]
Pitch 53 instrument variance: [0.18768787 0.18033174]
Pitch 58 instrument variance: [0.17833597 0.17618367]
Pitch 70 instrument variance: [0.17473448 0.17446043]
Pitch 72 instrument variance: [0.17538613 0.17833193]
Pitch 67 instrument variance: [0.18068957 0.17873093]
Pitch 50 instrument variance: [0.17327767 0.18356481]
Pitch 69 instrument variance: [0.17789642 0.1768269 ]
Pitch 60 instrument variance: [0.18152977 0.17997959]
Pitch 62 instrument variance: [0.1832156  0.18022712]
Pitch 56 instrument variance: [0.17834953 0.17618656]
Pitch 52 instrument variance: [0.18768279 0.18028418]
Pitch 54 instrument variance: [0.18384077 0.1757119 ]
Pitch 65 instrument variance: [0.17818655 0.17647629]
Pitch 71 instrument variance: [0.17979401 0.18073332]
Pitch 49 instrument variance: [0.17117977 0.18294862]
Pitch 68 instrument variance: [0.17661856 0.17464356]
Pitch 63 instrument variance: [0.18195022 0.17797586]
Pitch 48 instrument variance: [0.17222244 0.18553409]
Pitch 51 instrument variance: [0.1750544  0.18277557]
Pitch 64 instrument variance: [0.18071929 0.17861914]
Pitch 57 instrument variance: [0.17962517 0.17833285]

Train - Mean variance per instrument: [1.12660250e-07 1.00366854e-07]
Train - Mean variance per pitch: [0.17901369 0.17877993]

Processing Test data...

Test - Pitch variance per instrument:
Instrument 805 pitch variance: [0.00524928 0.00947627]
Instrument 450 pitch variance: [0.11408875 0.00396348]
Instrument 46 pitch variance: [2.46369099e-06 1.24814158e-07]
Instrument 37 pitch variance: [0.01043776 0.01922487]
Instrument 219 pitch variance: [0.03365184 0.00927635]
Instrument 644 pitch variance: [0.00318367 0.00041707]
Instrument 378 pitch variance: [0.05995146 0.00515518]
Instrument 121 pitch variance: [0.0056156  0.02828812]
Instrument 183 pitch variance: [0.04436984 0.00507296]
Instrument 838 pitch variance: [0.0137212 0.0077015]
Instrument 440 pitch variance: [0.04487869 0.01654394]
Instrument 50 pitch variance: [0.01842596 0.01135261]
Instrument 905 pitch variance: [0.00896696 0.00125157]
Instrument 150 pitch variance: [0.00223314 0.00250391]
Instrument 316 pitch variance: [0.0037775  0.00327292]
Instrument 572 pitch variance: [0.00500552 0.00729854]
Instrument 701 pitch variance: [0.00408782 0.01349598]
Instrument 43 pitch variance: [0.03720973 0.00797535]
Instrument 123 pitch variance: [0.05535586 0.04817092]
Instrument 420 pitch variance: [0.00052624 0.11796398]
Instrument 417 pitch variance: [0.00959795 0.02819833]
Instrument 65 pitch variance: [0.09020216 0.0094342 ]
Instrument 914 pitch variance: [0.03596601 0.20225293]
Instrument 457 pitch variance: [0.00279314 0.00063051]
Instrument 759 pitch variance: [0.02598828 0.04811406]
Instrument 488 pitch variance: [2.66724869e-05 1.65908922e-08]
Instrument 414 pitch variance: [0.01082027 0.01115001]
Instrument 8 pitch variance: [0.00111833 0.00778345]
Instrument 100 pitch variance: [0.0108445  0.30924276]
Instrument 224 pitch variance: [0.00503992 0.02677677]
Instrument 40 pitch variance: [0.01040049 0.06445765]
Instrument 104 pitch variance: [0.05122414 0.02927901]
Instrument 263 pitch variance: [0.12014989 0.04887487]
Instrument 656 pitch variance: [0.11208571 0.08497803]
Instrument 803 pitch variance: [7.38107131e-10 3.12050410e-08]
Instrument 880 pitch variance: [0.03905996 0.00482652]
Instrument 577 pitch variance: [0.00765614 0.0061394 ]
Instrument 921 pitch variance: [0.00235801 0.00172477]
Instrument 436 pitch variance: [0.0534406  0.02657258]
Instrument 927 pitch variance: [0.00058444 0.00066883]
Instrument 128 pitch variance: [0.00847828 0.0016678 ]
Instrument 82 pitch variance: [0.03604758 0.00246846]
Instrument 590 pitch variance: [0.0242383  0.01650816]
Instrument 97 pitch variance: [0. 0.]
Instrument 327 pitch variance: [0.03428014 0.02803354]
Instrument 510 pitch variance: [3.28947826e-05 1.15422516e-03]
Instrument 958 pitch variance: [0.00254773 0.01874269]
Instrument 642 pitch variance: [0. 0.]
Instrument 387 pitch variance: [0.00413033 0.02215268]
Instrument 872 pitch variance: [0.03142833 0.09488838]

Test - Instrument variance per pitch:
Pitch 66 instrument variance: [0.08580156 0.17202666]
Pitch 71 instrument variance: [0.13451335 0.15213386]
Pitch 59 instrument variance: [0.13395678 0.27718851]
Pitch 65 instrument variance: [0.2261681  0.10163159]
Pitch 49 instrument variance: [0.09462372 0.13561343]
Pitch 54 instrument variance: [0.11819445 0.13780934]
Pitch 55 instrument variance: [0.18777633 0.11561827]
Pitch 51 instrument variance: [0.12101011 0.1503613 ]
Pitch 58 instrument variance: [0.17886621 0.19550246]
Pitch 69 instrument variance: [0.0962691  0.06502835]
Pitch 67 instrument variance: [0.1103156  0.12870803]
Pitch 72 instrument variance: [0.15162384 0.09716826]
Pitch 68 instrument variance: [0.09981261 0.09553539]
Pitch 50 instrument variance: [0.15973523 0.16558911]
Pitch 53 instrument variance: [0.08835417 0.0464216 ]
Pitch 70 instrument variance: [0.18807128 0.07486406]
Pitch 64 instrument variance: [0.29591673 0.0571293 ]
Pitch 61 instrument variance: [0.19638415 0.11351596]
Pitch 60 instrument variance: [0.09846428 0.12538846]
Pitch 62 instrument variance: [0.16462197 0.12692233]
Pitch 57 instrument variance: [0.16872584 0.08014831]
Pitch 56 instrument variance: [0.06684511 0.16325636]
Pitch 63 instrument variance: [0.07647862 0.09657248]
Pitch 52 instrument variance: [0.08557344 0.11202078]
Pitch 48 instrument variance: [0.06533514 0.08656209]

Test - Mean variance per instrument: [0.02402559 0.02830253]
Test - Mean variance per pitch: [0.13573751 0.12290865]
######## Evaluation Complete ########
